<?xml version="1.0" encoding="UTF-8"?>
<testng-results skipped="0" failed="0" total="1" passed="1">
  <reporter-output>
  </reporter-output>
  <suite name="Default suite" duration-ms="2316" started-at="2015-08-07T09:32:44Z" finished-at="2015-08-07T09:32:46Z">
    <groups>
    </groups>
    <test name="Default test" duration-ms="2316" started-at="2015-08-07T09:32:44Z" finished-at="2015-08-07T09:32:46Z">
      <class name="com.example.tests.TestFolderCreation">
        <test-method status="PASS" signature="setUp(java.lang.String)[pri:0, instance:com.example.tests.TestFolderCreation@c39f790]" name="setUp" is-config="true" duration-ms="33" started-at="2015-08-07T12:32:44Z" finished-at="2015-08-07T12:32:44Z">
          <params>
            <param index="0">
              <value is-null="true"/>
            </param>
          </params>
          <reporter-output>
          </reporter-output>
        </test-method> <!-- setUp -->
        <test-method status="PASS" signature="testFolderCreation()[pri:0, instance:com.example.tests.TestFolderCreation@c39f790]" name="testFolderCreation" duration-ms="2256" started-at="2015-08-07T12:32:44Z" finished-at="2015-08-07T12:32:46Z">
          <reporter-output>
          </reporter-output>
        </test-method> <!-- testFolderCreation -->
        <test-method status="PASS" signature="tearDown()[pri:0, instance:com.example.tests.TestFolderCreation@c39f790]" name="tearDown" is-config="true" duration-ms="0" started-at="2015-08-07T12:32:46Z" finished-at="2015-08-07T12:32:46Z">
          <reporter-output>
          </reporter-output>
        </test-method> <!-- tearDown -->
      </class> <!-- com.example.tests.TestFolderCreation -->
    </test> <!-- Default test -->
  </suite> <!-- Default suite -->
</testng-results>
